<?xml version="1.0" encoding="UTF-8"?>
<!-- Generated by org.testng.reporters.JUnitReportReporter -->
<testsuite hostname="LAPTOP-D4U54S7U" failures="0" tests="1" name="com.spicejet.tests.SignUpTest" time="94.977" errors="0" timestamp="2023-05-03T18:45:35 IST" skipped="0">
  <testcase classname="com.spicejet.tests.SignUpTest" name="signUp" time="94.977"/>
  <system-out/>
</testsuite> <!-- com.spicejet.tests.SignUpTest -->
