<?xml version="1.0" encoding="UTF-8"?>
<!-- Generated by org.testng.reporters.JUnitReportReporter -->
<testsuite hostname="LAPTOP-D4U54S7U" failures="0" tests="1" name="com.spicejet.tests.OneWay_SearchFlightsTest" time="22.685" errors="0" timestamp="2023-05-03T18:45:35 IST" skipped="0">
  <testcase classname="com.spicejet.tests.OneWay_SearchFlightsTest" name="onewaySearchFlight" time="22.685"/>
  <system-out/>
</testsuite> <!-- com.spicejet.tests.OneWay_SearchFlightsTest -->
