<?xml version="1.0" encoding="UTF-8"?>
<!-- Generated by org.testng.reporters.JUnitReportReporter -->
<testsuite hostname="LAPTOP-D4U54S7U" failures="0" tests="1" name="com.spicejet.tests.RoundTrip_SearchFlightTest" time="144.041" errors="0" timestamp="2023-05-03T18:45:35 IST" skipped="0">
  <testcase classname="com.spicejet.tests.RoundTrip_SearchFlightTest" name="roundtripSearchFlight" time="144.041"/>
  <system-out/>
</testsuite> <!-- com.spicejet.tests.RoundTrip_SearchFlightTest -->
